root
bin
daemon
adm
lp
sync
shutdown
halt
mail
operator
games
ftp
nobody
dbus
systemd-coredump
systemd-resolve
tss
polkitd
unbound
sssd
chrony
sshd
rngd
labadmin
sysusr
saslauth
mailnull
smmsp
sysadm01
sysadm02
sysadm03
sysadm4
sysadm5
sysadm6
sysadm7
sireesha1
sirisha
sirisha1
siri4
hello
siri24
siri23
sony
siri28
bharuy
bharu
bharu1
jenny
harry
harry1
kala
kala2
f1
f2
f3
guna
guna1
guna2
james
lestrade
gregson
jones
holmes
watson
james1
lestrade1
gregson1
jones1
holmes1
watson1
chintu
kavitha
